{"C:\\Projects\\Sixer Internship\\prisma-ORM\\controllers\\playerController.ts": {"path":"C:\\Projects\\Sixer Internship\\prisma-ORM\\controllers\\playerController.ts","statementMap":{"0":{"start":{"line":3,"column":0},"end":{"line":3,"column":42}},"1":{"start":{"line":5,"column":0},"end":{"line":5,"column":null}},"2":{"start":{"line":12,"column":25},"end":{"line":24,"column":null}},"3":{"start":{"line":15,"column":23},"end":{"line":24,"column":null}},"4":{"start":{"line":16,"column":2},"end":{"line":23,"column":null}},"5":{"start":{"line":17,"column":30},"end":{"line":17,"column":38}},"6":{"start":{"line":18,"column":4},"end":{"line":18,"column":null}},"7":{"start":{"line":19,"column":4},"end":{"line":19,"column":null}},"8":{"start":{"line":21,"column":4},"end":{"line":21,"column":null}},"9":{"start":{"line":22,"column":4},"end":{"line":22,"column":null}},"10":{"start":{"line":12,"column":13},"end":{"line":12,"column":25}},"11":{"start":{"line":26,"column":26},"end":{"line":37,"column":null}},"12":{"start":{"line":29,"column":23},"end":{"line":37,"column":null}},"13":{"start":{"line":30,"column":2},"end":{"line":36,"column":null}},"14":{"start":{"line":31,"column":30},"end":{"line":31,"column":55}},"15":{"start":{"line":32,"column":4},"end":{"line":32,"column":null}},"16":{"start":{"line":34,"column":4},"end":{"line":34,"column":null}},"17":{"start":{"line":35,"column":4},"end":{"line":35,"column":null}},"18":{"start":{"line":26,"column":13},"end":{"line":26,"column":26}},"19":{"start":{"line":39,"column":28},"end":{"line":52,"column":null}},"20":{"start":{"line":42,"column":23},"end":{"line":52,"column":null}},"21":{"start":{"line":43,"column":2},"end":{"line":51,"column":null}},"22":{"start":{"line":44,"column":23},"end":{"line":44,"column":36}},"23":{"start":{"line":45,"column":30},"end":{"line":45,"column":38}},"24":{"start":{"line":46,"column":4},"end":{"line":46,"column":null}},"25":{"start":{"line":47,"column":4},"end":{"line":47,"column":null}},"26":{"start":{"line":49,"column":4},"end":{"line":49,"column":null}},"27":{"start":{"line":50,"column":4},"end":{"line":50,"column":null}},"28":{"start":{"line":39,"column":13},"end":{"line":39,"column":28}},"29":{"start":{"line":54,"column":28},"end":{"line":66,"column":null}},"30":{"start":{"line":57,"column":23},"end":{"line":66,"column":null}},"31":{"start":{"line":58,"column":2},"end":{"line":65,"column":null}},"32":{"start":{"line":59,"column":23},"end":{"line":59,"column":36}},"33":{"start":{"line":60,"column":4},"end":{"line":60,"column":null}},"34":{"start":{"line":61,"column":4},"end":{"line":61,"column":null}},"35":{"start":{"line":63,"column":4},"end":{"line":63,"column":null}},"36":{"start":{"line":64,"column":4},"end":{"line":64,"column":null}},"37":{"start":{"line":54,"column":13},"end":{"line":54,"column":28}}},"fnMap":{"0":{"name":"(anonymous_7)","decl":{"start":{"line":12,"column":25},"end":{"line":12,"column":null}},"loc":{"start":{"line":15,"column":23},"end":{"line":24,"column":null}}},"1":{"name":"(anonymous_8)","decl":{"start":{"line":15,"column":23},"end":{"line":15,"column":null}},"loc":{"start":{"line":15,"column":23},"end":{"line":24,"column":1}}},"2":{"name":"(anonymous_9)","decl":{"start":{"line":26,"column":26},"end":{"line":26,"column":null}},"loc":{"start":{"line":29,"column":23},"end":{"line":37,"column":null}}},"3":{"name":"(anonymous_10)","decl":{"start":{"line":29,"column":23},"end":{"line":29,"column":null}},"loc":{"start":{"line":29,"column":23},"end":{"line":37,"column":1}}},"4":{"name":"(anonymous_11)","decl":{"start":{"line":39,"column":28},"end":{"line":39,"column":null}},"loc":{"start":{"line":42,"column":23},"end":{"line":52,"column":null}}},"5":{"name":"(anonymous_12)","decl":{"start":{"line":42,"column":23},"end":{"line":42,"column":null}},"loc":{"start":{"line":42,"column":23},"end":{"line":52,"column":1}}},"6":{"name":"(anonymous_13)","decl":{"start":{"line":54,"column":28},"end":{"line":54,"column":null}},"loc":{"start":{"line":57,"column":23},"end":{"line":66,"column":null}}},"7":{"name":"(anonymous_14)","decl":{"start":{"line":57,"column":23},"end":{"line":57,"column":null}},"loc":{"start":{"line":57,"column":23},"end":{"line":66,"column":1}}}},"branchMap":{},"s":{"0":1,"1":1,"2":1,"3":0,"4":0,"5":0,"6":0,"7":0,"8":0,"9":0,"10":1,"11":1,"12":0,"13":0,"14":0,"15":0,"16":0,"17":0,"18":1,"19":1,"20":0,"21":0,"22":0,"23":0,"24":0,"25":0,"26":0,"27":0,"28":1,"29":1,"30":0,"31":0,"32":0,"33":0,"34":0,"35":0,"36":0,"37":1},"f":{"0":0,"1":0,"2":0,"3":0,"4":0,"5":0,"6":0,"7":0},"b":{}}
,"C:\\Projects\\Sixer Internship\\prisma-ORM\\controllers\\teamController.ts": {"path":"C:\\Projects\\Sixer Internship\\prisma-ORM\\controllers\\teamController.ts","statementMap":{"0":{"start":{"line":2,"column":0},"end":{"line":2,"column":42}},"1":{"start":{"line":4,"column":0},"end":{"line":4,"column":null}},"2":{"start":{"line":10,"column":23},"end":{"line":22,"column":null}},"3":{"start":{"line":13,"column":23},"end":{"line":22,"column":null}},"4":{"start":{"line":14,"column":2},"end":{"line":21,"column":null}},"5":{"start":{"line":15,"column":21},"end":{"line":15,"column":29}},"6":{"start":{"line":16,"column":4},"end":{"line":16,"column":null}},"7":{"start":{"line":17,"column":4},"end":{"line":17,"column":null}},"8":{"start":{"line":19,"column":4},"end":{"line":19,"column":null}},"9":{"start":{"line":20,"column":4},"end":{"line":20,"column":null}},"10":{"start":{"line":10,"column":13},"end":{"line":10,"column":23}},"11":{"start":{"line":24,"column":24},"end":{"line":35,"column":null}},"12":{"start":{"line":27,"column":23},"end":{"line":35,"column":null}},"13":{"start":{"line":28,"column":2},"end":{"line":34,"column":null}},"14":{"start":{"line":29,"column":33},"end":{"line":29,"column":56}},"15":{"start":{"line":30,"column":4},"end":{"line":30,"column":null}},"16":{"start":{"line":32,"column":4},"end":{"line":32,"column":null}},"17":{"start":{"line":33,"column":4},"end":{"line":33,"column":null}},"18":{"start":{"line":24,"column":13},"end":{"line":24,"column":24}},"19":{"start":{"line":37,"column":26},"end":{"line":49,"column":null}},"20":{"start":{"line":40,"column":23},"end":{"line":49,"column":null}},"21":{"start":{"line":41,"column":2},"end":{"line":48,"column":null}},"22":{"start":{"line":42,"column":23},"end":{"line":42,"column":36}},"23":{"start":{"line":43,"column":4},"end":{"line":43,"column":null}},"24":{"start":{"line":44,"column":4},"end":{"line":44,"column":null}},"25":{"start":{"line":46,"column":4},"end":{"line":46,"column":null}},"26":{"start":{"line":47,"column":4},"end":{"line":47,"column":null}},"27":{"start":{"line":37,"column":13},"end":{"line":37,"column":26}}},"fnMap":{"0":{"name":"(anonymous_7)","decl":{"start":{"line":10,"column":23},"end":{"line":10,"column":null}},"loc":{"start":{"line":13,"column":23},"end":{"line":22,"column":null}}},"1":{"name":"(anonymous_8)","decl":{"start":{"line":13,"column":23},"end":{"line":13,"column":null}},"loc":{"start":{"line":13,"column":23},"end":{"line":22,"column":1}}},"2":{"name":"(anonymous_9)","decl":{"start":{"line":24,"column":24},"end":{"line":24,"column":null}},"loc":{"start":{"line":27,"column":23},"end":{"line":35,"column":null}}},"3":{"name":"(anonymous_10)","decl":{"start":{"line":27,"column":23},"end":{"line":27,"column":null}},"loc":{"start":{"line":27,"column":23},"end":{"line":35,"column":1}}},"4":{"name":"(anonymous_11)","decl":{"start":{"line":37,"column":26},"end":{"line":37,"column":null}},"loc":{"start":{"line":40,"column":23},"end":{"line":49,"column":null}}},"5":{"name":"(anonymous_12)","decl":{"start":{"line":40,"column":23},"end":{"line":40,"column":null}},"loc":{"start":{"line":40,"column":23},"end":{"line":49,"column":1}}}},"branchMap":{},"s":{"0":1,"1":1,"2":1,"3":0,"4":0,"5":0,"6":0,"7":0,"8":0,"9":0,"10":1,"11":1,"12":0,"13":0,"14":0,"15":0,"16":0,"17":0,"18":1,"19":1,"20":0,"21":0,"22":0,"23":0,"24":0,"25":0,"26":0,"27":1},"f":{"0":0,"1":0,"2":0,"3":0,"4":0,"5":0},"b":{}}
,"C:\\Projects\\Sixer Internship\\prisma-ORM\\controllers\\teamStatsController.ts": {"path":"C:\\Projects\\Sixer Internship\\prisma-ORM\\controllers\\teamStatsController.ts","statementMap":{"0":{"start":{"line":2,"column":0},"end":{"line":2,"column":42}},"1":{"start":{"line":4,"column":0},"end":{"line":4,"column":null}},"2":{"start":{"line":10,"column":31},"end":{"line":23,"column":null}},"3":{"start":{"line":13,"column":23},"end":{"line":23,"column":null}},"4":{"start":{"line":14,"column":2},"end":{"line":22,"column":null}},"5":{"start":{"line":15,"column":23},"end":{"line":15,"column":36}},"6":{"start":{"line":16,"column":42},"end":{"line":16,"column":50}},"7":{"start":{"line":17,"column":4},"end":{"line":17,"column":null}},"8":{"start":{"line":18,"column":4},"end":{"line":18,"column":null}},"9":{"start":{"line":20,"column":4},"end":{"line":20,"column":null}},"10":{"start":{"line":21,"column":4},"end":{"line":21,"column":null}},"11":{"start":{"line":10,"column":13},"end":{"line":10,"column":31}},"12":{"start":{"line":25,"column":28},"end":{"line":37,"column":null}},"13":{"start":{"line":28,"column":23},"end":{"line":37,"column":null}},"14":{"start":{"line":29,"column":2},"end":{"line":36,"column":null}},"15":{"start":{"line":30,"column":23},"end":{"line":30,"column":36}},"16":{"start":{"line":31,"column":36},"end":{"line":31,"column":73}},"17":{"start":{"line":32,"column":4},"end":{"line":32,"column":null}},"18":{"start":{"line":34,"column":4},"end":{"line":34,"column":null}},"19":{"start":{"line":35,"column":4},"end":{"line":35,"column":null}},"20":{"start":{"line":25,"column":13},"end":{"line":25,"column":28}}},"fnMap":{"0":{"name":"(anonymous_7)","decl":{"start":{"line":10,"column":31},"end":{"line":10,"column":null}},"loc":{"start":{"line":13,"column":23},"end":{"line":23,"column":null}}},"1":{"name":"(anonymous_8)","decl":{"start":{"line":13,"column":23},"end":{"line":13,"column":null}},"loc":{"start":{"line":13,"column":23},"end":{"line":23,"column":1}}},"2":{"name":"(anonymous_9)","decl":{"start":{"line":25,"column":28},"end":{"line":25,"column":null}},"loc":{"start":{"line":28,"column":23},"end":{"line":37,"column":null}}},"3":{"name":"(anonymous_10)","decl":{"start":{"line":28,"column":23},"end":{"line":28,"column":null}},"loc":{"start":{"line":28,"column":23},"end":{"line":37,"column":1}}}},"branchMap":{},"s":{"0":1,"1":1,"2":1,"3":0,"4":0,"5":0,"6":0,"7":0,"8":0,"9":0,"10":0,"11":1,"12":1,"13":0,"14":0,"15":0,"16":0,"17":0,"18":0,"19":0,"20":1},"f":{"0":0,"1":0,"2":0,"3":0},"b":{}}
,"C:\\Projects\\Sixer Internship\\prisma-ORM\\routes\\playerRoutes.ts": {"path":"C:\\Projects\\Sixer Internship\\prisma-ORM\\routes\\playerRoutes.ts","statementMap":{"0":{"start":{"line":1,"column":0},"end":{"line":1,"column":41}},"1":{"start":{"line":3,"column":0},"end":{"line":3,"column":null}},"2":{"start":{"line":9,"column":13},"end":{"line":9,"column":null}},"3":{"start":{"line":11,"column":0},"end":{"line":11,"column":null}},"4":{"start":{"line":12,"column":0},"end":{"line":12,"column":null}},"5":{"start":{"line":13,"column":0},"end":{"line":13,"column":null}},"6":{"start":{"line":14,"column":0},"end":{"line":14,"column":null}}},"fnMap":{},"branchMap":{},"s":{"0":1,"1":1,"2":1,"3":1,"4":1,"5":1,"6":1},"f":{},"b":{}}
,"C:\\Projects\\Sixer Internship\\prisma-ORM\\routes\\teamRoutes.ts": {"path":"C:\\Projects\\Sixer Internship\\prisma-ORM\\routes\\teamRoutes.ts","statementMap":{"0":{"start":{"line":1,"column":0},"end":{"line":1,"column":41}},"1":{"start":{"line":3,"column":0},"end":{"line":3,"column":77}},"2":{"start":{"line":4,"column":0},"end":{"line":4,"column":null}},"3":{"start":{"line":9,"column":13},"end":{"line":9,"column":null}},"4":{"start":{"line":11,"column":0},"end":{"line":11,"column":null}},"5":{"start":{"line":12,"column":0},"end":{"line":12,"column":null}},"6":{"start":{"line":13,"column":0},"end":{"line":13,"column":null}},"7":{"start":{"line":15,"column":0},"end":{"line":15,"column":null}},"8":{"start":{"line":16,"column":0},"end":{"line":16,"column":null}}},"fnMap":{},"branchMap":{},"s":{"0":1,"1":1,"2":1,"3":1,"4":1,"5":1,"6":1,"7":1,"8":1},"f":{},"b":{}}
,"C:\\Projects\\Sixer Internship\\prisma-ORM\\services\\playerService.ts": {"path":"C:\\Projects\\Sixer Internship\\prisma-ORM\\services\\playerService.ts","statementMap":{"0":{"start":{"line":1,"column":0},"end":{"line":1,"column":33}},"1":{"start":{"line":4,"column":32},"end":{"line":15,"column":null}},"2":{"start":{"line":7,"column":21},"end":{"line":15,"column":null}},"3":{"start":{"line":8,"column":2},"end":{"line":13,"column":null}},"4":{"start":{"line":14,"column":2},"end":{"line":14,"column":null}},"5":{"start":{"line":4,"column":13},"end":{"line":4,"column":32}},"6":{"start":{"line":17,"column":33},"end":{"line":23,"column":null}},"7":{"start":{"line":17,"column":63},"end":{"line":23,"column":null}},"8":{"start":{"line":18,"column":28},"end":{"line":18,"column":58}},"9":{"start":{"line":19,"column":2},"end":{"line":21,"column":null}},"10":{"start":{"line":20,"column":4},"end":{"line":20,"column":null}},"11":{"start":{"line":22,"column":2},"end":{"line":22,"column":null}},"12":{"start":{"line":17,"column":13},"end":{"line":17,"column":33}},"13":{"start":{"line":25,"column":35},"end":{"line":44,"column":null}},"14":{"start":{"line":29,"column":21},"end":{"line":44,"column":null}},"15":{"start":{"line":30,"column":2},"end":{"line":42,"column":null}},"16":{"start":{"line":43,"column":2},"end":{"line":43,"column":null}},"17":{"start":{"line":25,"column":13},"end":{"line":25,"column":35}},"18":{"start":{"line":46,"column":35},"end":{"line":57,"column":null}},"19":{"start":{"line":46,"column":73},"end":{"line":57,"column":null}},"20":{"start":{"line":47,"column":17},"end":{"line":47,"column":41}},"21":{"start":{"line":48,"column":2},"end":{"line":50,"column":null}},"22":{"start":{"line":49,"column":4},"end":{"line":49,"column":null}},"23":{"start":{"line":51,"column":2},"end":{"line":55,"column":null}},"24":{"start":{"line":56,"column":2},"end":{"line":56,"column":null}},"25":{"start":{"line":46,"column":13},"end":{"line":46,"column":35}},"26":{"start":{"line":59,"column":29},"end":{"line":66,"column":null}},"27":{"start":{"line":59,"column":50},"end":{"line":66,"column":null}},"28":{"start":{"line":60,"column":17},"end":{"line":64,"column":4}},"29":{"start":{"line":65,"column":2},"end":{"line":65,"column":null}}},"fnMap":{"0":{"name":"(anonymous_8)","decl":{"start":{"line":4,"column":32},"end":{"line":4,"column":null}},"loc":{"start":{"line":7,"column":21},"end":{"line":15,"column":null}}},"1":{"name":"(anonymous_9)","decl":{"start":{"line":7,"column":21},"end":{"line":7,"column":null}},"loc":{"start":{"line":7,"column":21},"end":{"line":15,"column":1}}},"2":{"name":"(anonymous_10)","decl":{"start":{"line":17,"column":33},"end":{"line":17,"column":61}},"loc":{"start":{"line":17,"column":63},"end":{"line":23,"column":null}}},"3":{"name":"(anonymous_11)","decl":{"start":{"line":17,"column":63},"end":{"line":17,"column":null}},"loc":{"start":{"line":17,"column":63},"end":{"line":23,"column":1}}},"4":{"name":"(anonymous_12)","decl":{"start":{"line":25,"column":35},"end":{"line":25,"column":null}},"loc":{"start":{"line":29,"column":21},"end":{"line":44,"column":null}}},"5":{"name":"(anonymous_13)","decl":{"start":{"line":29,"column":21},"end":{"line":29,"column":null}},"loc":{"start":{"line":29,"column":21},"end":{"line":44,"column":1}}},"6":{"name":"(anonymous_14)","decl":{"start":{"line":46,"column":35},"end":{"line":46,"column":42}},"loc":{"start":{"line":46,"column":73},"end":{"line":57,"column":null}}},"7":{"name":"(anonymous_15)","decl":{"start":{"line":46,"column":73},"end":{"line":46,"column":null}},"loc":{"start":{"line":46,"column":73},"end":{"line":57,"column":1}}},"8":{"name":"(anonymous_16)","decl":{"start":{"line":59,"column":29},"end":{"line":59,"column":36}},"loc":{"start":{"line":59,"column":50},"end":{"line":66,"column":null}}},"9":{"name":"(anonymous_17)","decl":{"start":{"line":59,"column":50},"end":{"line":59,"column":null}},"loc":{"start":{"line":59,"column":50},"end":{"line":66,"column":1}}}},"branchMap":{"0":{"loc":{"start":{"line":19,"column":2},"end":{"line":21,"column":null}},"type":"if","locations":[{"start":{"line":19,"column":2},"end":{"line":21,"column":null}}]},"1":{"loc":{"start":{"line":48,"column":2},"end":{"line":50,"column":null}},"type":"if","locations":[{"start":{"line":48,"column":2},"end":{"line":50,"column":null}}]}},"s":{"0":1,"1":1,"2":0,"3":0,"4":0,"5":1,"6":1,"7":0,"8":0,"9":0,"10":0,"11":0,"12":1,"13":1,"14":0,"15":0,"16":0,"17":1,"18":1,"19":0,"20":0,"21":0,"22":0,"23":0,"24":0,"25":1,"26":1,"27":0,"28":0,"29":0},"f":{"0":0,"1":0,"2":0,"3":0,"4":0,"5":0,"6":0,"7":0,"8":0,"9":0},"b":{"0":[0],"1":[0]}}
,"C:\\Projects\\Sixer Internship\\prisma-ORM\\services\\teamService.ts": {"path":"C:\\Projects\\Sixer Internship\\prisma-ORM\\services\\teamService.ts","statementMap":{"0":{"start":{"line":2,"column":0},"end":{"line":2,"column":33}},"1":{"start":{"line":3,"column":0},"end":{"line":3,"column":56}},"2":{"start":{"line":5,"column":30},"end":{"line":21,"column":null}},"3":{"start":{"line":5,"column":70},"end":{"line":21,"column":null}},"4":{"start":{"line":6,"column":2},"end":{"line":12,"column":null}},"5":{"start":{"line":14,"column":2},"end":{"line":18,"column":null}},"6":{"start":{"line":20,"column":2},"end":{"line":20,"column":null}},"7":{"start":{"line":5,"column":13},"end":{"line":5,"column":30}},"8":{"start":{"line":23,"column":31},"end":{"line":29,"column":null}},"9":{"start":{"line":23,"column":66},"end":{"line":29,"column":null}},"10":{"start":{"line":24,"column":24},"end":{"line":24,"column":52}},"11":{"start":{"line":25,"column":2},"end":{"line":27,"column":null}},"12":{"start":{"line":26,"column":4},"end":{"line":26,"column":null}},"13":{"start":{"line":28,"column":2},"end":{"line":28,"column":null}},"14":{"start":{"line":23,"column":13},"end":{"line":23,"column":31}},"15":{"start":{"line":31,"column":33},"end":{"line":48,"column":null}},"16":{"start":{"line":31,"column":71},"end":{"line":48,"column":null}},"17":{"start":{"line":32,"column":15},"end":{"line":32,"column":44}},"18":{"start":{"line":33,"column":2},"end":{"line":47,"column":null}},"19":{"start":{"line":34,"column":4},"end":{"line":38,"column":null}},"20":{"start":{"line":39,"column":4},"end":{"line":43,"column":null}},"21":{"start":{"line":44,"column":4},"end":{"line":44,"column":null}},"22":{"start":{"line":46,"column":4},"end":{"line":46,"column":null}},"23":{"start":{"line":31,"column":13},"end":{"line":31,"column":33}}},"fnMap":{"0":{"name":"(anonymous_8)","decl":{"start":{"line":5,"column":30},"end":{"line":5,"column":37}},"loc":{"start":{"line":5,"column":70},"end":{"line":21,"column":null}}},"1":{"name":"(anonymous_9)","decl":{"start":{"line":5,"column":70},"end":{"line":5,"column":null}},"loc":{"start":{"line":5,"column":70},"end":{"line":21,"column":1}}},"2":{"name":"(anonymous_10)","decl":{"start":{"line":23,"column":31},"end":{"line":23,"column":64}},"loc":{"start":{"line":23,"column":66},"end":{"line":29,"column":null}}},"3":{"name":"(anonymous_11)","decl":{"start":{"line":23,"column":66},"end":{"line":23,"column":null}},"loc":{"start":{"line":23,"column":66},"end":{"line":29,"column":1}}},"4":{"name":"(anonymous_12)","decl":{"start":{"line":31,"column":33},"end":{"line":31,"column":40}},"loc":{"start":{"line":31,"column":71},"end":{"line":48,"column":null}}},"5":{"name":"(anonymous_13)","decl":{"start":{"line":31,"column":71},"end":{"line":31,"column":null}},"loc":{"start":{"line":31,"column":71},"end":{"line":48,"column":1}}}},"branchMap":{"0":{"loc":{"start":{"line":25,"column":2},"end":{"line":27,"column":null}},"type":"if","locations":[{"start":{"line":25,"column":2},"end":{"line":27,"column":null}}]},"1":{"loc":{"start":{"line":33,"column":2},"end":{"line":47,"column":null}},"type":"if","locations":[{"start":{"line":33,"column":2},"end":{"line":47,"column":null}},{"start":{"line":45,"column":9},"end":{"line":47,"column":null}}]}},"s":{"0":1,"1":1,"2":1,"3":0,"4":0,"5":0,"6":0,"7":1,"8":1,"9":0,"10":0,"11":0,"12":0,"13":0,"14":1,"15":1,"16":0,"17":0,"18":0,"19":0,"20":0,"21":0,"22":0,"23":1},"f":{"0":0,"1":0,"2":0,"3":0,"4":0,"5":0},"b":{"0":[0],"1":[0,0]}}
,"C:\\Projects\\Sixer Internship\\prisma-ORM\\services\\teamStatsService.ts": {"path":"C:\\Projects\\Sixer Internship\\prisma-ORM\\services\\teamStatsService.ts","statementMap":{"0":{"start":{"line":1,"column":0},"end":{"line":1,"column":33}},"1":{"start":{"line":4,"column":35},"end":{"line":16,"column":null}},"2":{"start":{"line":6,"column":32},"end":{"line":16,"column":null}},"3":{"start":{"line":7,"column":39},"end":{"line":11,"column":4}},"4":{"start":{"line":12,"column":2},"end":{"line":14,"column":null}},"5":{"start":{"line":13,"column":4},"end":{"line":13,"column":null}},"6":{"start":{"line":15,"column":2},"end":{"line":15,"column":null}},"7":{"start":{"line":4,"column":13},"end":{"line":4,"column":35}},"8":{"start":{"line":18,"column":38},"end":{"line":37,"column":null}},"9":{"start":{"line":22,"column":21},"end":{"line":37,"column":null}},"10":{"start":{"line":23,"column":2},"end":{"line":36,"column":null}},"11":{"start":{"line":24,"column":4},"end":{"line":32,"column":null}},"12":{"start":{"line":33,"column":4},"end":{"line":33,"column":null}},"13":{"start":{"line":35,"column":4},"end":{"line":35,"column":null}},"14":{"start":{"line":18,"column":13},"end":{"line":18,"column":38}}},"fnMap":{"0":{"name":"(anonymous_8)","decl":{"start":{"line":4,"column":35},"end":{"line":4,"column":null}},"loc":{"start":{"line":6,"column":32},"end":{"line":16,"column":null}}},"1":{"name":"(anonymous_9)","decl":{"start":{"line":6,"column":32},"end":{"line":6,"column":null}},"loc":{"start":{"line":6,"column":32},"end":{"line":16,"column":1}}},"2":{"name":"(anonymous_10)","decl":{"start":{"line":18,"column":38},"end":{"line":18,"column":null}},"loc":{"start":{"line":22,"column":21},"end":{"line":37,"column":null}}},"3":{"name":"(anonymous_11)","decl":{"start":{"line":22,"column":21},"end":{"line":22,"column":null}},"loc":{"start":{"line":22,"column":21},"end":{"line":37,"column":1}}}},"branchMap":{"0":{"loc":{"start":{"line":12,"column":2},"end":{"line":14,"column":null}},"type":"if","locations":[{"start":{"line":12,"column":2},"end":{"line":14,"column":null}}]},"1":{"loc":{"start":{"line":23,"column":2},"end":{"line":36,"column":null}},"type":"if","locations":[{"start":{"line":23,"column":2},"end":{"line":36,"column":null}},{"start":{"line":34,"column":9},"end":{"line":36,"column":null}}]}},"s":{"0":1,"1":1,"2":0,"3":0,"4":0,"5":0,"6":0,"7":1,"8":1,"9":0,"10":0,"11":0,"12":0,"13":0,"14":1},"f":{"0":0,"1":0,"2":0,"3":0},"b":{"0":[0],"1":[0,0]}}
,"C:\\Projects\\Sixer Internship\\prisma-ORM\\src\\index.ts": {"path":"C:\\Projects\\Sixer Internship\\prisma-ORM\\src\\index.ts","statementMap":{"0":{"start":{"line":1,"column":0},"end":{"line":1,"column":29}},"1":{"start":{"line":2,"column":0},"end":{"line":2,"column":27}},"2":{"start":{"line":3,"column":0},"end":{"line":3,"column":36}},"3":{"start":{"line":4,"column":0},"end":{"line":4,"column":63}},"4":{"start":{"line":5,"column":0},"end":{"line":5,"column":59}},"5":{"start":{"line":6,"column":0},"end":{"line":6,"column":45}},"6":{"start":{"line":7,"column":0},"end":{"line":7,"column":37}},"7":{"start":{"line":9,"column":15},"end":{"line":9,"column":33}},"8":{"start":{"line":10,"column":0},"end":{"line":10,"column":null}},"9":{"start":{"line":12,"column":12},"end":{"line":12,"column":21}},"10":{"start":{"line":13,"column":0},"end":{"line":13,"column":null}},"11":{"start":{"line":15,"column":21},"end":{"line":15,"column":32}},"12":{"start":{"line":16,"column":13},"end":{"line":16,"column":41}},"13":{"start":{"line":18,"column":0},"end":{"line":18,"column":null}},"14":{"start":{"line":20,"column":0},"end":{"line":20,"column":null}},"15":{"start":{"line":21,"column":0},"end":{"line":21,"column":null}},"16":{"start":{"line":23,"column":0},"end":{"line":25,"column":null}},"17":{"start":{"line":24,"column":2},"end":{"line":24,"column":null}}},"fnMap":{"0":{"name":"(anonymous_1)","decl":{"start":{"line":23,"column":17},"end":{"line":23,"column":20}},"loc":{"start":{"line":23,"column":22},"end":{"line":25,"column":1}}}},"branchMap":{"0":{"loc":{"start":{"line":16,"column":13},"end":{"line":16,"column":41}},"type":"binary-expr","locations":[{"start":{"line":16,"column":13},"end":{"line":16,"column":29}},{"start":{"line":16,"column":33},"end":{"line":16,"column":41}}]}},"s":{"0":1,"1":1,"2":1,"3":1,"4":1,"5":1,"6":1,"7":1,"8":1,"9":1,"10":1,"11":1,"12":1,"13":1,"14":1,"15":1,"16":1,"17":0},"f":{"0":0},"b":{"0":[1,1]}}
,"C:\\Projects\\Sixer Internship\\prisma-ORM\\src\\lib\\logger.ts": {"path":"C:\\Projects\\Sixer Internship\\prisma-ORM\\src\\lib\\logger.ts","statementMap":{"0":{"start":{"line":1,"column":0},"end":{"line":1,"column":29}},"1":{"start":{"line":3,"column":15},"end":{"line":9,"column":null}},"2":{"start":{"line":11,"column":14},"end":{"line":15,"column":1}},"3":{"start":{"line":12,"column":14},"end":{"line":12,"column":51}},"4":{"start":{"line":13,"column":24},"end":{"line":13,"column":45}},"5":{"start":{"line":14,"column":2},"end":{"line":14,"column":null}},"6":{"start":{"line":17,"column":15},"end":{"line":23,"column":null}},"7":{"start":{"line":25,"column":0},"end":{"line":25,"column":null}},"8":{"start":{"line":27,"column":15},"end":{"line":32,"column":null}},"9":{"start":{"line":31,"column":14},"end":{"line":31,"column":64}},"10":{"start":{"line":35,"column":19},"end":{"line":42,"column":null}},"11":{"start":{"line":44,"column":13},"end":{"line":49,"column":null}}},"fnMap":{"0":{"name":"(anonymous_1)","decl":{"start":{"line":11,"column":14},"end":{"line":11,"column":17}},"loc":{"start":{"line":11,"column":19},"end":{"line":15,"column":1}}},"1":{"name":"(anonymous_2)","decl":{"start":{"line":31,"column":4},"end":{"line":31,"column":5}},"loc":{"start":{"line":31,"column":14},"end":{"line":31,"column":64}}}},"branchMap":{"0":{"loc":{"start":{"line":12,"column":14},"end":{"line":12,"column":51}},"type":"binary-expr","locations":[{"start":{"line":12,"column":14},"end":{"line":12,"column":34}},{"start":{"line":12,"column":38},"end":{"line":12,"column":51}}]},"1":{"loc":{"start":{"line":14,"column":9},"end":{"line":14,"column":41}},"type":"cond-expr","locations":[{"start":{"line":14,"column":25},"end":{"line":14,"column":32}},{"start":{"line":14,"column":35},"end":{"line":14,"column":41}}]}},"s":{"0":1,"1":1,"2":1,"3":1,"4":1,"5":1,"6":1,"7":1,"8":1,"9":0,"10":1,"11":1},"f":{"0":1,"1":0},"b":{"0":[1,0],"1":[0,1]}}
}
